2024-10-17 00:03:23 INFO  - HV000001: Hibernate Validator 8.0.1.Final
2024-10-17 00:03:23 INFO  - Starting TeacherApplication using Java 17.0.10 with PID 29784 (C:\Users\nickg\IdeaProjects\spring-teacher6\build\classes\java\main started by nickg in C:\Users\nickg\IdeaProjects\spring-teacher6)
2024-10-17 00:03:23 INFO  - The following 1 profile is active: "test"
2024-10-17 00:03:24 INFO  - Bootstrapping Spring Data JPA repositories in DEFAULT mode.
2024-10-17 00:03:24 INFO  - Finished Spring Data repository scanning in 34 ms. Found 3 JPA repository interfaces.
2024-10-17 00:03:24 INFO  - Tomcat initialized with port 8080 (http)
2024-10-17 00:03:24 INFO  - Root WebApplicationContext: initialization completed in 1094 ms
2024-10-17 00:03:25 INFO  - HHH000412: Hibernate ORM core version 6.5.3.Final
2024-10-17 00:03:25 INFO  - HHH000026: Second-level cache disabled
2024-10-17 00:03:25 INFO  - No LoadTimeWeaver setup: ignoring JPA class transformer
2024-10-17 00:03:25 WARN  - HHH90000025: MySQLDialect does not need to be specified explicitly using 'hibernate.dialect' (remove the property setting and it will be selected by default)
2024-10-17 00:03:26 INFO  - HHH000489: No JTA platform available (set 'hibernate.transaction.jta.platform' to enable JTA platform integration)
2024-10-17 00:03:26 INFO  - Initialized JPA EntityManagerFactory for persistence unit 'default'
2024-10-17 00:03:26 INFO  - Global AuthenticationManager configured with AuthenticationProvider bean with name authenticationProvider
2024-10-17 00:03:26 WARN  - Global AuthenticationManager configured with an AuthenticationProvider bean. UserDetailsService beans will not be used for username/password login. Consider removing the AuthenticationProvider bean. Alternatively, consider using the UserDetailsService in a manually instantiated DaoAuthenticationProvider.
2024-10-17 00:03:26 WARN  - spring.jpa.open-in-view is enabled by default. Therefore, database queries may be performed during view rendering. Explicitly configure spring.jpa.open-in-view to disable this warning
2024-10-17 00:03:27 INFO  - Adding welcome page template: index
2024-10-17 00:03:27 INFO  - Tomcat started on port 8080 (http) with context path '/'
2024-10-17 00:03:27 INFO  - Started TeacherApplication in 4.005 seconds (process running for 4.234)
2024-10-17 00:03:27 INFO  - Initializing Servlet 'dispatcherServlet'
2024-10-17 00:03:27 INFO  - Completed initialization in 1 ms
2024-10-17 00:06:06 WARN  - [THYMELEAF][http-nio-8080-exec-2][index] Deprecated unwrapped fragment expression "fragments/header :: headerFragment" found in template index, line 14, col 6. Please use the complete syntax of fragment expressions instead ("~{fragments/header :: headerFragment}"). The old, unwrapped syntax for fragment expressions will be removed in future versions of Thymeleaf.
2024-10-17 00:06:06 WARN  - [THYMELEAF][http-nio-8080-exec-2][index] Deprecated unwrapped fragment expression "fragments/footer :: footerFragment" found in template index, line 22, col 6. Please use the complete syntax of fragment expressions instead ("~{fragments/footer :: footerFragment}"). The old, unwrapped syntax for fragment expressions will be removed in future versions of Thymeleaf.
2024-10-17 00:06:22 WARN  - [THYMELEAF][http-nio-8080-exec-2][index] Deprecated unwrapped fragment expression "fragments/header :: headerFragment" found in template index, line 14, col 6. Please use the complete syntax of fragment expressions instead ("~{fragments/header :: headerFragment}"). The old, unwrapped syntax for fragment expressions will be removed in future versions of Thymeleaf.
2024-10-17 00:06:22 WARN  - [THYMELEAF][http-nio-8080-exec-2][index] Deprecated unwrapped fragment expression "fragments/footer :: footerFragment" found in template index, line 22, col 6. Please use the complete syntax of fragment expressions instead ("~{fragments/footer :: footerFragment}"). The old, unwrapped syntax for fragment expressions will be removed in future versions of Thymeleaf.
2024-10-17 00:06:33 WARN  - [THYMELEAF][http-nio-8080-exec-8][index] Deprecated unwrapped fragment expression "fragments/header :: headerFragment" found in template index, line 14, col 6. Please use the complete syntax of fragment expressions instead ("~{fragments/header :: headerFragment}"). The old, unwrapped syntax for fragment expressions will be removed in future versions of Thymeleaf.
2024-10-17 00:06:33 WARN  - [THYMELEAF][http-nio-8080-exec-8][index] Deprecated unwrapped fragment expression "fragments/footer :: footerFragment" found in template index, line 22, col 6. Please use the complete syntax of fragment expressions instead ("~{fragments/footer :: footerFragment}"). The old, unwrapped syntax for fragment expressions will be removed in future versions of Thymeleaf.
2024-10-17 00:09:05 INFO  - HV000001: Hibernate Validator 8.0.1.Final
2024-10-17 00:09:05 INFO  - Starting TeacherApplication using Java 17.0.10 with PID 9408 (C:\Users\nickg\IdeaProjects\spring-teacher6\build\classes\java\main started by nickg in C:\Users\nickg\IdeaProjects\spring-teacher6)
2024-10-17 00:09:05 INFO  - The following 1 profile is active: "test"
2024-10-17 00:09:06 INFO  - Bootstrapping Spring Data JPA repositories in DEFAULT mode.
2024-10-17 00:09:06 INFO  - Finished Spring Data repository scanning in 37 ms. Found 3 JPA repository interfaces.
2024-10-17 00:09:06 INFO  - Tomcat initialized with port 8080 (http)
2024-10-17 00:09:06 INFO  - Root WebApplicationContext: initialization completed in 967 ms
2024-10-17 00:09:06 INFO  - HHH000412: Hibernate ORM core version 6.5.3.Final
2024-10-17 00:09:06 INFO  - HHH000026: Second-level cache disabled
2024-10-17 00:09:07 INFO  - No LoadTimeWeaver setup: ignoring JPA class transformer
2024-10-17 00:09:07 WARN  - HHH90000025: MySQLDialect does not need to be specified explicitly using 'hibernate.dialect' (remove the property setting and it will be selected by default)
2024-10-17 00:09:08 INFO  - HHH000489: No JTA platform available (set 'hibernate.transaction.jta.platform' to enable JTA platform integration)
2024-10-17 00:09:08 INFO  - Initialized JPA EntityManagerFactory for persistence unit 'default'
2024-10-17 00:09:08 INFO  - Global AuthenticationManager configured with AuthenticationProvider bean with name authenticationProvider
2024-10-17 00:09:08 WARN  - Global AuthenticationManager configured with an AuthenticationProvider bean. UserDetailsService beans will not be used for username/password login. Consider removing the AuthenticationProvider bean. Alternatively, consider using the UserDetailsService in a manually instantiated DaoAuthenticationProvider.
2024-10-17 00:09:08 WARN  - spring.jpa.open-in-view is enabled by default. Therefore, database queries may be performed during view rendering. Explicitly configure spring.jpa.open-in-view to disable this warning
2024-10-17 00:09:08 INFO  - Adding welcome page template: index
2024-10-17 00:09:08 INFO  - Tomcat started on port 8080 (http) with context path '/'
2024-10-17 00:09:08 INFO  - Started TeacherApplication in 3.405 seconds (process running for 3.648)
2024-10-17 00:09:08 INFO  - Initializing Servlet 'dispatcherServlet'
2024-10-17 00:09:08 INFO  - Completed initialization in 1 ms
2024-10-17 00:16:38 INFO  - HV000001: Hibernate Validator 8.0.1.Final
2024-10-17 00:16:38 INFO  - Starting TeacherApplication using Java 17.0.10 with PID 31144 (C:\Users\nickg\IdeaProjects\spring-teacher6\build\classes\java\main started by nickg in C:\Users\nickg\IdeaProjects\spring-teacher6)
2024-10-17 00:16:38 INFO  - The following 1 profile is active: "test"
2024-10-17 00:16:39 INFO  - Bootstrapping Spring Data JPA repositories in DEFAULT mode.
2024-10-17 00:16:39 INFO  - Finished Spring Data repository scanning in 31 ms. Found 3 JPA repository interfaces.
2024-10-17 00:16:39 INFO  - Tomcat initialized with port 8080 (http)
2024-10-17 00:16:39 INFO  - Root WebApplicationContext: initialization completed in 1053 ms
2024-10-17 00:16:40 INFO  - HHH000412: Hibernate ORM core version 6.5.3.Final
2024-10-17 00:16:40 INFO  - HHH000026: Second-level cache disabled
2024-10-17 00:16:40 INFO  - No LoadTimeWeaver setup: ignoring JPA class transformer
2024-10-17 00:16:40 WARN  - HHH90000025: MySQLDialect does not need to be specified explicitly using 'hibernate.dialect' (remove the property setting and it will be selected by default)
2024-10-17 00:16:41 INFO  - HHH000489: No JTA platform available (set 'hibernate.transaction.jta.platform' to enable JTA platform integration)
2024-10-17 00:16:41 INFO  - Initialized JPA EntityManagerFactory for persistence unit 'default'
2024-10-17 00:16:41 INFO  - Global AuthenticationManager configured with AuthenticationProvider bean with name authenticationProvider
2024-10-17 00:16:41 WARN  - Global AuthenticationManager configured with an AuthenticationProvider bean. UserDetailsService beans will not be used for username/password login. Consider removing the AuthenticationProvider bean. Alternatively, consider using the UserDetailsService in a manually instantiated DaoAuthenticationProvider.
2024-10-17 00:16:41 WARN  - spring.jpa.open-in-view is enabled by default. Therefore, database queries may be performed during view rendering. Explicitly configure spring.jpa.open-in-view to disable this warning
2024-10-17 00:16:41 INFO  - Adding welcome page template: index
2024-10-17 00:16:41 INFO  - Tomcat started on port 8080 (http) with context path '/'
2024-10-17 00:16:41 INFO  - Started TeacherApplication in 3.405 seconds (process running for 3.705)
2024-10-17 00:16:43 INFO  - Initializing Servlet 'dispatcherServlet'
2024-10-17 00:16:43 INFO  - Completed initialization in 0 ms
2024-10-17 00:41:09 INFO  - HV000001: Hibernate Validator 8.0.1.Final
2024-10-17 00:41:09 INFO  - Starting TeacherApplication using Java 17.0.10 with PID 13140 (C:\Users\nickg\IdeaProjects\spring-teacher6\build\classes\java\main started by nickg in C:\Users\nickg\IdeaProjects\spring-teacher6)
2024-10-17 00:41:09 INFO  - The following 1 profile is active: "test"
2024-10-17 00:41:10 INFO  - Bootstrapping Spring Data JPA repositories in DEFAULT mode.
2024-10-17 00:41:10 INFO  - Finished Spring Data repository scanning in 30 ms. Found 3 JPA repository interfaces.
2024-10-17 00:41:10 INFO  - Tomcat initialized with port 8080 (http)
2024-10-17 00:41:10 INFO  - Root WebApplicationContext: initialization completed in 956 ms
2024-10-17 00:41:10 INFO  - HHH000412: Hibernate ORM core version 6.5.3.Final
2024-10-17 00:41:10 INFO  - HHH000026: Second-level cache disabled
2024-10-17 00:41:11 INFO  - No LoadTimeWeaver setup: ignoring JPA class transformer
2024-10-17 00:41:11 WARN  - HHH90000025: MySQLDialect does not need to be specified explicitly using 'hibernate.dialect' (remove the property setting and it will be selected by default)
2024-10-17 00:41:12 INFO  - HHH000489: No JTA platform available (set 'hibernate.transaction.jta.platform' to enable JTA platform integration)
2024-10-17 00:41:12 INFO  - Initialized JPA EntityManagerFactory for persistence unit 'default'
2024-10-17 00:41:12 INFO  - Global AuthenticationManager configured with AuthenticationProvider bean with name authenticationProvider
2024-10-17 00:41:12 WARN  - Global AuthenticationManager configured with an AuthenticationProvider bean. UserDetailsService beans will not be used for username/password login. Consider removing the AuthenticationProvider bean. Alternatively, consider using the UserDetailsService in a manually instantiated DaoAuthenticationProvider.
2024-10-17 00:41:12 WARN  - spring.jpa.open-in-view is enabled by default. Therefore, database queries may be performed during view rendering. Explicitly configure spring.jpa.open-in-view to disable this warning
2024-10-17 00:41:12 INFO  - Adding welcome page template: index
2024-10-17 00:41:12 INFO  - Tomcat started on port 8080 (http) with context path '/'
2024-10-17 00:41:12 INFO  - Started TeacherApplication in 3.439 seconds (process running for 3.702)
2024-10-17 00:41:12 INFO  - Initializing Servlet 'dispatcherServlet'
2024-10-17 00:41:12 INFO  - Completed initialization in 1 ms
2024-10-17 00:44:06 INFO  - HV000001: Hibernate Validator 8.0.1.Final
2024-10-17 00:44:06 INFO  - Starting TeacherApplication using Java 17.0.10 with PID 32908 (C:\Users\nickg\IdeaProjects\spring-teacher6\build\classes\java\main started by nickg in C:\Users\nickg\IdeaProjects\spring-teacher6)
2024-10-17 00:44:06 INFO  - The following 1 profile is active: "test"
2024-10-17 00:44:06 INFO  - Bootstrapping Spring Data JPA repositories in DEFAULT mode.
2024-10-17 00:44:06 INFO  - Finished Spring Data repository scanning in 29 ms. Found 3 JPA repository interfaces.
2024-10-17 00:44:07 INFO  - Tomcat initialized with port 8080 (http)
2024-10-17 00:44:07 INFO  - Root WebApplicationContext: initialization completed in 893 ms
2024-10-17 00:44:07 INFO  - HHH000412: Hibernate ORM core version 6.5.3.Final
2024-10-17 00:44:07 INFO  - HHH000026: Second-level cache disabled
2024-10-17 00:44:07 INFO  - No LoadTimeWeaver setup: ignoring JPA class transformer
2024-10-17 00:44:07 WARN  - HHH90000025: MySQLDialect does not need to be specified explicitly using 'hibernate.dialect' (remove the property setting and it will be selected by default)
2024-10-17 00:44:08 INFO  - HHH000489: No JTA platform available (set 'hibernate.transaction.jta.platform' to enable JTA platform integration)
2024-10-17 00:44:08 INFO  - Initialized JPA EntityManagerFactory for persistence unit 'default'
2024-10-17 00:44:08 INFO  - Global AuthenticationManager configured with AuthenticationProvider bean with name authenticationProvider
2024-10-17 00:44:08 WARN  - Global AuthenticationManager configured with an AuthenticationProvider bean. UserDetailsService beans will not be used for username/password login. Consider removing the AuthenticationProvider bean. Alternatively, consider using the UserDetailsService in a manually instantiated DaoAuthenticationProvider.
2024-10-17 00:44:08 WARN  - spring.jpa.open-in-view is enabled by default. Therefore, database queries may be performed during view rendering. Explicitly configure spring.jpa.open-in-view to disable this warning
2024-10-17 00:44:08 INFO  - Adding welcome page template: index
2024-10-17 00:44:09 INFO  - Tomcat started on port 8080 (http) with context path '/'
2024-10-17 00:44:09 INFO  - Started TeacherApplication in 3.077 seconds (process running for 3.306)
2024-10-17 00:44:15 INFO  - Initializing Servlet 'dispatcherServlet'
2024-10-17 00:44:15 INFO  - Completed initialization in 2 ms
