2024-10-16 23:47:55 INFO  - HV000001: Hibernate Validator 8.0.1.Final
2024-10-16 23:47:55 INFO  - Starting TeacherApplication using Java 17.0.10 with PID 2488 (C:\Users\nickg\IdeaProjects\spring-teacher6\build\classes\java\main started by nickg in C:\Users\nickg\IdeaProjects\spring-teacher6)
2024-10-16 23:47:55 INFO  - The following 1 profile is active: "test"
2024-10-16 23:47:56 INFO  - Bootstrapping Spring Data JPA repositories in DEFAULT mode.
2024-10-16 23:47:56 INFO  - Finished Spring Data repository scanning in 35 ms. Found 3 JPA repository interfaces.
2024-10-16 23:47:56 INFO  - Tomcat initialized with port 8080 (http)
2024-10-16 23:47:56 INFO  - Root WebApplicationContext: initialization completed in 1113 ms
2024-10-16 23:47:57 INFO  - HHH000412: Hibernate ORM core version 6.5.3.Final
2024-10-16 23:47:57 INFO  - HHH000026: Second-level cache disabled
2024-10-16 23:47:57 INFO  - No LoadTimeWeaver setup: ignoring JPA class transformer
2024-10-16 23:47:57 WARN  - HHH90000025: MySQLDialect does not need to be specified explicitly using 'hibernate.dialect' (remove the property setting and it will be selected by default)
2024-10-16 23:47:58 INFO  - HHH000489: No JTA platform available (set 'hibernate.transaction.jta.platform' to enable JTA platform integration)
2024-10-16 23:47:58 INFO  - Initialized JPA EntityManagerFactory for persistence unit 'default'
2024-10-16 23:47:58 INFO  - Global AuthenticationManager configured with AuthenticationProvider bean with name authenticationProvider
2024-10-16 23:47:58 WARN  - Global AuthenticationManager configured with an AuthenticationProvider bean. UserDetailsService beans will not be used for username/password login. Consider removing the AuthenticationProvider bean. Alternatively, consider using the UserDetailsService in a manually instantiated DaoAuthenticationProvider.
2024-10-16 23:47:58 WARN  - spring.jpa.open-in-view is enabled by default. Therefore, database queries may be performed during view rendering. Explicitly configure spring.jpa.open-in-view to disable this warning
2024-10-16 23:47:59 INFO  - Adding welcome page template: index
2024-10-16 23:47:59 INFO  - Tomcat started on port 8080 (http) with context path '/'
2024-10-16 23:47:59 INFO  - Started TeacherApplication in 4.122 seconds (process running for 4.344)
2024-10-16 23:48:31 INFO  - Initializing Servlet 'dispatcherServlet'
2024-10-16 23:48:31 INFO  - Completed initialization in 1 ms
2024-10-16 23:49:23 WARN  - [THYMELEAF][http-nio-8080-exec-9][index] Deprecated unwrapped fragment expression "fragments/header :: headerFragment" found in template index, line 14, col 6. Please use the complete syntax of fragment expressions instead ("~{fragments/header :: headerFragment}"). The old, unwrapped syntax for fragment expressions will be removed in future versions of Thymeleaf.
2024-10-16 23:49:23 WARN  - [THYMELEAF][http-nio-8080-exec-9][index] Deprecated unwrapped fragment expression "fragments/footer :: footerFragment" found in template index, line 22, col 6. Please use the complete syntax of fragment expressions instead ("~{fragments/footer :: footerFragment}"). The old, unwrapped syntax for fragment expressions will be removed in future versions of Thymeleaf.
